
*** Running vivado
    with args -log design_1_auto_pc_0.vds -m64 -product Vivado -mode batch -messageDb vivado.pb -notrace -source design_1_auto_pc_0.tcl


****** Vivado v2017.2 (64-bit)
  **** SW Build 1909853 on Thu Jun 15 18:39:10 MDT 2017
  **** IP Build 1909766 on Thu Jun 15 19:58:00 MDT 2017
    ** Copyright 1986-2017 Xilinx, Inc. All Rights Reserved.

source design_1_auto_pc_0.tcl -notrace
Starting RTL Elaboration : Time (s): cpu = 00:00:04 ; elapsed = 00:00:07 . Memory (MB): peak = 1171.473 ; gain = 63.996 ; free physical = 106 ; free virtual = 1447
INFO: [Synth 8-638] synthesizing module 'design_1_auto_pc_0' [/home/nicholas/ece522/lab0/gpio_bram/vivado/gpio_bram/gpio_bram.srcs/sources_1/bd/design_1/ip/design_1_auto_pc_0/synth/design_1_auto_pc_0.v:58]
INFO: [Synth 8-638] synthesizing module 'axi_protocol_converter_v2_1_13_axi_protocol_converter' [/home/nicholas/ece522/lab0/gpio_bram/vivado/gpio_bram/gpio_bram.srcs/sources_1/bd/design_1/ipshared/f0ae/hdl/axi_protocol_converter_v2_1_vl_rfs.v:4811]
INFO: [Synth 8-638] synthesizing module 'axi_protocol_converter_v2_1_13_b2s' [/home/nicholas/ece522/lab0/gpio_bram/vivado/gpio_bram/gpio_bram.srcs/sources_1/bd/design_1/ipshared/f0ae/hdl/axi_protocol_converter_v2_1_vl_rfs.v:4229]
INFO: [Synth 8-638] synthesizing module 'axi_protocol_converter_v2_1_13_b2s_aw_channel' [/home/nicholas/ece522/lab0/gpio_bram/vivado/gpio_bram/gpio_bram.srcs/sources_1/bd/design_1/ipshared/f0ae/hdl/axi_protocol_converter_v2_1_vl_rfs.v:3974]
INFO: [Synth 8-638] synthesizing module 'axi_protocol_converter_v2_1_13_b2s_cmd_translator' [/home/nicholas/ece522/lab0/gpio_bram/vivado/gpio_bram/gpio_bram.srcs/sources_1/bd/design_1/ipshared/f0ae/hdl/axi_protocol_converter_v2_1_vl_rfs.v:3467]
INFO: [Synth 8-638] synthesizing module 'axi_protocol_converter_v2_1_13_b2s_incr_cmd' [/home/nicholas/ece522/lab0/gpio_bram/vivado/gpio_bram/gpio_bram.srcs/sources_1/bd/design_1/ipshared/f0ae/hdl/axi_protocol_converter_v2_1_vl_rfs.v:3093]
INFO: [Synth 8-256] done synthesizing module 'axi_protocol_converter_v2_1_13_b2s_incr_cmd' (1#1) [/home/nicholas/ece522/lab0/gpio_bram/vivado/gpio_bram/gpio_bram.srcs/sources_1/bd/design_1/ipshared/f0ae/hdl/axi_protocol_converter_v2_1_vl_rfs.v:3093]
INFO: [Synth 8-638] synthesizing module 'axi_protocol_converter_v2_1_13_b2s_wrap_cmd' [/home/nicholas/ece522/lab0/gpio_bram/vivado/gpio_bram/gpio_bram.srcs/sources_1/bd/design_1/ipshared/f0ae/hdl/axi_protocol_converter_v2_1_vl_rfs.v:2903]
INFO: [Synth 8-256] done synthesizing module 'axi_protocol_converter_v2_1_13_b2s_wrap_cmd' (2#1) [/home/nicholas/ece522/lab0/gpio_bram/vivado/gpio_bram/gpio_bram.srcs/sources_1/bd/design_1/ipshared/f0ae/hdl/axi_protocol_converter_v2_1_vl_rfs.v:2903]
INFO: [Synth 8-256] done synthesizing module 'axi_protocol_converter_v2_1_13_b2s_cmd_translator' (3#1) [/home/nicholas/ece522/lab0/gpio_bram/vivado/gpio_bram/gpio_bram.srcs/sources_1/bd/design_1/ipshared/f0ae/hdl/axi_protocol_converter_v2_1_vl_rfs.v:3467]
INFO: [Synth 8-638] synthesizing module 'axi_protocol_converter_v2_1_13_b2s_wr_cmd_fsm' [/home/nicholas/ece522/lab0/gpio_bram/vivado/gpio_bram/gpio_bram.srcs/sources_1/bd/design_1/ipshared/f0ae/hdl/axi_protocol_converter_v2_1_vl_rfs.v:3225]
INFO: [Synth 8-256] done synthesizing module 'axi_protocol_converter_v2_1_13_b2s_wr_cmd_fsm' (4#1) [/home/nicholas/ece522/lab0/gpio_bram/vivado/gpio_bram/gpio_bram.srcs/sources_1/bd/design_1/ipshared/f0ae/hdl/axi_protocol_converter_v2_1_vl_rfs.v:3225]
INFO: [Synth 8-256] done synthesizing module 'axi_protocol_converter_v2_1_13_b2s_aw_channel' (5#1) [/home/nicholas/ece522/lab0/gpio_bram/vivado/gpio_bram/gpio_bram.srcs/sources_1/bd/design_1/ipshared/f0ae/hdl/axi_protocol_converter_v2_1_vl_rfs.v:3974]
INFO: [Synth 8-638] synthesizing module 'axi_protocol_converter_v2_1_13_b2s_b_channel' [/home/nicholas/ece522/lab0/gpio_bram/vivado/gpio_bram/gpio_bram.srcs/sources_1/bd/design_1/ipshared/f0ae/hdl/axi_protocol_converter_v2_1_vl_rfs.v:3609]
INFO: [Synth 8-638] synthesizing module 'axi_protocol_converter_v2_1_13_b2s_simple_fifo' [/home/nicholas/ece522/lab0/gpio_bram/vivado/gpio_bram/gpio_bram.srcs/sources_1/bd/design_1/ipshared/f0ae/hdl/axi_protocol_converter_v2_1_vl_rfs.v:2816]
INFO: [Synth 8-256] done synthesizing module 'axi_protocol_converter_v2_1_13_b2s_simple_fifo' (6#1) [/home/nicholas/ece522/lab0/gpio_bram/vivado/gpio_bram/gpio_bram.srcs/sources_1/bd/design_1/ipshared/f0ae/hdl/axi_protocol_converter_v2_1_vl_rfs.v:2816]
INFO: [Synth 8-638] synthesizing module 'axi_protocol_converter_v2_1_13_b2s_simple_fifo__parameterized0' [/home/nicholas/ece522/lab0/gpio_bram/vivado/gpio_bram/gpio_bram.srcs/sources_1/bd/design_1/ipshared/f0ae/hdl/axi_protocol_converter_v2_1_vl_rfs.v:2816]
INFO: [Synth 8-256] done synthesizing module 'axi_protocol_converter_v2_1_13_b2s_simple_fifo__parameterized0' (6#1) [/home/nicholas/ece522/lab0/gpio_bram/vivado/gpio_bram/gpio_bram.srcs/sources_1/bd/design_1/ipshared/f0ae/hdl/axi_protocol_converter_v2_1_vl_rfs.v:2816]
INFO: [Synth 8-256] done synthesizing module 'axi_protocol_converter_v2_1_13_b2s_b_channel' (7#1) [/home/nicholas/ece522/lab0/gpio_bram/vivado/gpio_bram/gpio_bram.srcs/sources_1/bd/design_1/ipshared/f0ae/hdl/axi_protocol_converter_v2_1_vl_rfs.v:3609]
INFO: [Synth 8-638] synthesizing module 'axi_protocol_converter_v2_1_13_b2s_ar_channel' [/home/nicholas/ece522/lab0/gpio_bram/vivado/gpio_bram/gpio_bram.srcs/sources_1/bd/design_1/ipshared/f0ae/hdl/axi_protocol_converter_v2_1_vl_rfs.v:4085]
INFO: [Synth 8-638] synthesizing module 'axi_protocol_converter_v2_1_13_b2s_rd_cmd_fsm' [/home/nicholas/ece522/lab0/gpio_bram/vivado/gpio_bram/gpio_bram.srcs/sources_1/bd/design_1/ipshared/f0ae/hdl/axi_protocol_converter_v2_1_vl_rfs.v:3336]
INFO: [Synth 8-256] done synthesizing module 'axi_protocol_converter_v2_1_13_b2s_rd_cmd_fsm' (8#1) [/home/nicholas/ece522/lab0/gpio_bram/vivado/gpio_bram/gpio_bram.srcs/sources_1/bd/design_1/ipshared/f0ae/hdl/axi_protocol_converter_v2_1_vl_rfs.v:3336]
INFO: [Synth 8-256] done synthesizing module 'axi_protocol_converter_v2_1_13_b2s_ar_channel' (9#1) [/home/nicholas/ece522/lab0/gpio_bram/vivado/gpio_bram/gpio_bram.srcs/sources_1/bd/design_1/ipshared/f0ae/hdl/axi_protocol_converter_v2_1_vl_rfs.v:4085]
INFO: [Synth 8-638] synthesizing module 'axi_protocol_converter_v2_1_13_b2s_r_channel' [/home/nicholas/ece522/lab0/gpio_bram/vivado/gpio_bram/gpio_bram.srcs/sources_1/bd/design_1/ipshared/f0ae/hdl/axi_protocol_converter_v2_1_vl_rfs.v:3814]
INFO: [Synth 8-638] synthesizing module 'axi_protocol_converter_v2_1_13_b2s_simple_fifo__parameterized1' [/home/nicholas/ece522/lab0/gpio_bram/vivado/gpio_bram/gpio_bram.srcs/sources_1/bd/design_1/ipshared/f0ae/hdl/axi_protocol_converter_v2_1_vl_rfs.v:2816]
INFO: [Synth 8-256] done synthesizing module 'axi_protocol_converter_v2_1_13_b2s_simple_fifo__parameterized1' (9#1) [/home/nicholas/ece522/lab0/gpio_bram/vivado/gpio_bram/gpio_bram.srcs/sources_1/bd/design_1/ipshared/f0ae/hdl/axi_protocol_converter_v2_1_vl_rfs.v:2816]
INFO: [Synth 8-638] synthesizing module 'axi_protocol_converter_v2_1_13_b2s_simple_fifo__parameterized2' [/home/nicholas/ece522/lab0/gpio_bram/vivado/gpio_bram/gpio_bram.srcs/sources_1/bd/design_1/ipshared/f0ae/hdl/axi_protocol_converter_v2_1_vl_rfs.v:2816]
INFO: [Synth 8-256] done synthesizing module 'axi_protocol_converter_v2_1_13_b2s_simple_fifo__parameterized2' (9#1) [/home/nicholas/ece522/lab0/gpio_bram/vivado/gpio_bram/gpio_bram.srcs/sources_1/bd/design_1/ipshared/f0ae/hdl/axi_protocol_converter_v2_1_vl_rfs.v:2816]
INFO: [Synth 8-256] done synthesizing module 'axi_protocol_converter_v2_1_13_b2s_r_channel' (10#1) [/home/nicholas/ece522/lab0/gpio_bram/vivado/gpio_bram/gpio_bram.srcs/sources_1/bd/design_1/ipshared/f0ae/hdl/axi_protocol_converter_v2_1_vl_rfs.v:3814]
INFO: [Synth 8-638] synthesizing module 'axi_register_slice_v2_1_13_axi_register_slice' [/home/nicholas/ece522/lab0/gpio_bram/vivado/gpio_bram/gpio_bram.srcs/sources_1/bd/design_1/ipshared/55c0/hdl/axi_register_slice_v2_1_vl_rfs.v:791]
INFO: [Synth 8-638] synthesizing module 'axi_infrastructure_v1_1_0_axi2vector' [/home/nicholas/ece522/lab0/gpio_bram/vivado/gpio_bram/gpio_bram.srcs/sources_1/bd/design_1/ipshared/7e3a/hdl/axi_infrastructure_v1_1_vl_rfs.v:60]
INFO: [Synth 8-256] done synthesizing module 'axi_infrastructure_v1_1_0_axi2vector' (11#1) [/home/nicholas/ece522/lab0/gpio_bram/vivado/gpio_bram/gpio_bram.srcs/sources_1/bd/design_1/ipshared/7e3a/hdl/axi_infrastructure_v1_1_vl_rfs.v:60]
INFO: [Synth 8-638] synthesizing module 'axi_register_slice_v2_1_13_axic_register_slice' [/home/nicholas/ece522/lab0/gpio_bram/vivado/gpio_bram/gpio_bram.srcs/sources_1/bd/design_1/ipshared/55c0/hdl/axi_register_slice_v2_1_vl_rfs.v:85]
INFO: [Synth 8-256] done synthesizing module 'axi_register_slice_v2_1_13_axic_register_slice' (12#1) [/home/nicholas/ece522/lab0/gpio_bram/vivado/gpio_bram/gpio_bram.srcs/sources_1/bd/design_1/ipshared/55c0/hdl/axi_register_slice_v2_1_vl_rfs.v:85]
INFO: [Synth 8-638] synthesizing module 'axi_register_slice_v2_1_13_axic_register_slice__parameterized0' [/home/nicholas/ece522/lab0/gpio_bram/vivado/gpio_bram/gpio_bram.srcs/sources_1/bd/design_1/ipshared/55c0/hdl/axi_register_slice_v2_1_vl_rfs.v:85]
INFO: [Synth 8-256] done synthesizing module 'axi_register_slice_v2_1_13_axic_register_slice__parameterized0' (12#1) [/home/nicholas/ece522/lab0/gpio_bram/vivado/gpio_bram/gpio_bram.srcs/sources_1/bd/design_1/ipshared/55c0/hdl/axi_register_slice_v2_1_vl_rfs.v:85]
INFO: [Synth 8-638] synthesizing module 'axi_register_slice_v2_1_13_axic_register_slice__parameterized1' [/home/nicholas/ece522/lab0/gpio_bram/vivado/gpio_bram/gpio_bram.srcs/sources_1/bd/design_1/ipshared/55c0/hdl/axi_register_slice_v2_1_vl_rfs.v:85]
INFO: [Synth 8-256] done synthesizing module 'axi_register_slice_v2_1_13_axic_register_slice__parameterized1' (12#1) [/home/nicholas/ece522/lab0/gpio_bram/vivado/gpio_bram/gpio_bram.srcs/sources_1/bd/design_1/ipshared/55c0/hdl/axi_register_slice_v2_1_vl_rfs.v:85]
INFO: [Synth 8-638] synthesizing module 'axi_register_slice_v2_1_13_axic_register_slice__parameterized2' [/home/nicholas/ece522/lab0/gpio_bram/vivado/gpio_bram/gpio_bram.srcs/sources_1/bd/design_1/ipshared/55c0/hdl/axi_register_slice_v2_1_vl_rfs.v:85]
INFO: [Synth 8-256] done synthesizing module 'axi_register_slice_v2_1_13_axic_register_slice__parameterized2' (12#1) [/home/nicholas/ece522/lab0/gpio_bram/vivado/gpio_bram/gpio_bram.srcs/sources_1/bd/design_1/ipshared/55c0/hdl/axi_register_slice_v2_1_vl_rfs.v:85]
INFO: [Synth 8-638] synthesizing module 'axi_infrastructure_v1_1_0_vector2axi' [/home/nicholas/ece522/lab0/gpio_bram/vivado/gpio_bram/gpio_bram.srcs/sources_1/bd/design_1/ipshared/7e3a/hdl/axi_infrastructure_v1_1_vl_rfs.v:474]
INFO: [Synth 8-256] done synthesizing module 'axi_infrastructure_v1_1_0_vector2axi' (13#1) [/home/nicholas/ece522/lab0/gpio_bram/vivado/gpio_bram/gpio_bram.srcs/sources_1/bd/design_1/ipshared/7e3a/hdl/axi_infrastructure_v1_1_vl_rfs.v:474]
INFO: [Synth 8-256] done synthesizing module 'axi_register_slice_v2_1_13_axi_register_slice' (14#1) [/home/nicholas/ece522/lab0/gpio_bram/vivado/gpio_bram/gpio_bram.srcs/sources_1/bd/design_1/ipshared/55c0/hdl/axi_register_slice_v2_1_vl_rfs.v:791]
INFO: [Synth 8-638] synthesizing module 'axi_register_slice_v2_1_13_axi_register_slice__parameterized0' [/home/nicholas/ece522/lab0/gpio_bram/vivado/gpio_bram/gpio_bram.srcs/sources_1/bd/design_1/ipshared/55c0/hdl/axi_register_slice_v2_1_vl_rfs.v:791]
INFO: [Synth 8-638] synthesizing module 'axi_infrastructure_v1_1_0_axi2vector__parameterized0' [/home/nicholas/ece522/lab0/gpio_bram/vivado/gpio_bram/gpio_bram.srcs/sources_1/bd/design_1/ipshared/7e3a/hdl/axi_infrastructure_v1_1_vl_rfs.v:60]
INFO: [Synth 8-256] done synthesizing module 'axi_infrastructure_v1_1_0_axi2vector__parameterized0' (14#1) [/home/nicholas/ece522/lab0/gpio_bram/vivado/gpio_bram/gpio_bram.srcs/sources_1/bd/design_1/ipshared/7e3a/hdl/axi_infrastructure_v1_1_vl_rfs.v:60]
INFO: [Synth 8-638] synthesizing module 'axi_register_slice_v2_1_13_axic_register_slice__parameterized3' [/home/nicholas/ece522/lab0/gpio_bram/vivado/gpio_bram/gpio_bram.srcs/sources_1/bd/design_1/ipshared/55c0/hdl/axi_register_slice_v2_1_vl_rfs.v:85]
INFO: [Synth 8-256] done synthesizing module 'axi_register_slice_v2_1_13_axic_register_slice__parameterized3' (14#1) [/home/nicholas/ece522/lab0/gpio_bram/vivado/gpio_bram/gpio_bram.srcs/sources_1/bd/design_1/ipshared/55c0/hdl/axi_register_slice_v2_1_vl_rfs.v:85]
INFO: [Synth 8-638] synthesizing module 'axi_register_slice_v2_1_13_axic_register_slice__parameterized4' [/home/nicholas/ece522/lab0/gpio_bram/vivado/gpio_bram/gpio_bram.srcs/sources_1/bd/design_1/ipshared/55c0/hdl/axi_register_slice_v2_1_vl_rfs.v:85]
INFO: [Synth 8-256] done synthesizing module 'axi_register_slice_v2_1_13_axic_register_slice__parameterized4' (14#1) [/home/nicholas/ece522/lab0/gpio_bram/vivado/gpio_bram/gpio_bram.srcs/sources_1/bd/design_1/ipshared/55c0/hdl/axi_register_slice_v2_1_vl_rfs.v:85]
INFO: [Synth 8-638] synthesizing module 'axi_register_slice_v2_1_13_axic_register_slice__parameterized5' [/home/nicholas/ece522/lab0/gpio_bram/vivado/gpio_bram/gpio_bram.srcs/sources_1/bd/design_1/ipshared/55c0/hdl/axi_register_slice_v2_1_vl_rfs.v:85]
INFO: [Synth 8-256] done synthesizing module 'axi_register_slice_v2_1_13_axic_register_slice__parameterized5' (14#1) [/home/nicholas/ece522/lab0/gpio_bram/vivado/gpio_bram/gpio_bram.srcs/sources_1/bd/design_1/ipshared/55c0/hdl/axi_register_slice_v2_1_vl_rfs.v:85]
INFO: [Synth 8-638] synthesizing module 'axi_register_slice_v2_1_13_axic_register_slice__parameterized6' [/home/nicholas/ece522/lab0/gpio_bram/vivado/gpio_bram/gpio_bram.srcs/sources_1/bd/design_1/ipshared/55c0/hdl/axi_register_slice_v2_1_vl_rfs.v:85]
INFO: [Synth 8-256] done synthesizing module 'axi_register_slice_v2_1_13_axic_register_slice__parameterized6' (14#1) [/home/nicholas/ece522/lab0/gpio_bram/vivado/gpio_bram/gpio_bram.srcs/sources_1/bd/design_1/ipshared/55c0/hdl/axi_register_slice_v2_1_vl_rfs.v:85]
INFO: [Synth 8-638] synthesizing module 'axi_infrastructure_v1_1_0_vector2axi__parameterized0' [/home/nicholas/ece522/lab0/gpio_bram/vivado/gpio_bram/gpio_bram.srcs/sources_1/bd/design_1/ipshared/7e3a/hdl/axi_infrastructure_v1_1_vl_rfs.v:474]
INFO: [Synth 8-256] done synthesizing module 'axi_infrastructure_v1_1_0_vector2axi__parameterized0' (14#1) [/home/nicholas/ece522/lab0/gpio_bram/vivado/gpio_bram/gpio_bram.srcs/sources_1/bd/design_1/ipshared/7e3a/hdl/axi_infrastructure_v1_1_vl_rfs.v:474]
INFO: [Synth 8-256] done synthesizing module 'axi_register_slice_v2_1_13_axi_register_slice__parameterized0' (14#1) [/home/nicholas/ece522/lab0/gpio_bram/vivado/gpio_bram/gpio_bram.srcs/sources_1/bd/design_1/ipshared/55c0/hdl/axi_register_slice_v2_1_vl_rfs.v:791]
INFO: [Synth 8-256] done synthesizing module 'axi_protocol_converter_v2_1_13_b2s' (15#1) [/home/nicholas/ece522/lab0/gpio_bram/vivado/gpio_bram/gpio_bram.srcs/sources_1/bd/design_1/ipshared/f0ae/hdl/axi_protocol_converter_v2_1_vl_rfs.v:4229]
INFO: [Synth 8-256] done synthesizing module 'axi_protocol_converter_v2_1_13_axi_protocol_converter' (16#1) [/home/nicholas/ece522/lab0/gpio_bram/vivado/gpio_bram/gpio_bram.srcs/sources_1/bd/design_1/ipshared/f0ae/hdl/axi_protocol_converter_v2_1_vl_rfs.v:4811]
INFO: [Synth 8-256] done synthesizing module 'design_1_auto_pc_0' (17#1) [/home/nicholas/ece522/lab0/gpio_bram/vivado/gpio_bram/gpio_bram.srcs/sources_1/bd/design_1/ip/design_1_auto_pc_0/synth/design_1_auto_pc_0.v:58]
Finished RTL Elaboration : Time (s): cpu = 00:00:28 ; elapsed = 00:00:38 . Memory (MB): peak = 1292.973 ; gain = 185.496 ; free physical = 195 ; free virtual = 1447
Finished RTL Optimization Phase 1 : Time (s): cpu = 00:00:28 ; elapsed = 00:00:39 . Memory (MB): peak = 1292.973 ; gain = 185.496 ; free physical = 196 ; free virtual = 1448
INFO: [Device 21-403] Loading part xc7z010clg400-1
Constraint Validation Runtime : Time (s): cpu = 00:00:00.06 ; elapsed = 00:00:00.10 . Memory (MB): peak = 1513.984 ; gain = 0.000 ; free physical = 69 ; free virtual = 1207
Finished Constraint Validation : Time (s): cpu = 00:00:38 ; elapsed = 00:00:53 . Memory (MB): peak = 1513.984 ; gain = 406.508 ; free physical = 151 ; free virtual = 1292
Finished Loading Part and Timing Information : Time (s): cpu = 00:00:38 ; elapsed = 00:00:53 . Memory (MB): peak = 1513.984 ; gain = 406.508 ; free physical = 152 ; free virtual = 1293
Finished applying 'set_property' XDC Constraints : Time (s): cpu = 00:00:38 ; elapsed = 00:00:53 . Memory (MB): peak = 1513.984 ; gain = 406.508 ; free physical = 152 ; free virtual = 1294
Finished RTL Optimization Phase 2 : Time (s): cpu = 00:00:38 ; elapsed = 00:00:54 . Memory (MB): peak = 1513.984 ; gain = 406.508 ; free physical = 139 ; free virtual = 1285
Finished Cross Boundary and Area Optimization : Time (s): cpu = 00:00:40 ; elapsed = 00:00:57 . Memory (MB): peak = 1513.984 ; gain = 406.508 ; free physical = 108 ; free virtual = 1260
Finished Applying XDC Timing Constraints : Time (s): cpu = 00:00:46 ; elapsed = 00:01:06 . Memory (MB): peak = 1513.984 ; gain = 406.508 ; free physical = 70 ; free virtual = 1133
Finished Timing Optimization : Time (s): cpu = 00:00:48 ; elapsed = 00:01:08 . Memory (MB): peak = 1539.594 ; gain = 432.117 ; free physical = 85 ; free virtual = 1107
Finished Technology Mapping : Time (s): cpu = 00:00:48 ; elapsed = 00:01:09 . Memory (MB): peak = 1547.602 ; gain = 440.125 ; free physical = 86 ; free virtual = 1108
Finished IO Insertion : Time (s): cpu = 00:00:49 ; elapsed = 00:01:10 . Memory (MB): peak = 1547.602 ; gain = 440.125 ; free physical = 86 ; free virtual = 1108
Finished Renaming Generated Instances : Time (s): cpu = 00:00:49 ; elapsed = 00:01:10 . Memory (MB): peak = 1547.602 ; gain = 440.125 ; free physical = 86 ; free virtual = 1108
Finished Rebuilding User Hierarchy : Time (s): cpu = 00:00:49 ; elapsed = 00:01:10 . Memory (MB): peak = 1547.602 ; gain = 440.125 ; free physical = 86 ; free virtual = 1108
Finished Renaming Generated Ports : Time (s): cpu = 00:00:49 ; elapsed = 00:01:10 . Memory (MB): peak = 1547.602 ; gain = 440.125 ; free physical = 86 ; free virtual = 1108
Finished Handling Custom Attributes : Time (s): cpu = 00:00:49 ; elapsed = 00:01:10 . Memory (MB): peak = 1547.602 ; gain = 440.125 ; free physical = 86 ; free virtual = 1108
Finished Renaming Generated Nets : Time (s): cpu = 00:00:49 ; elapsed = 00:01:10 . Memory (MB): peak = 1547.602 ; gain = 440.125 ; free physical = 86 ; free virtual = 1108

Report Cell Usage: 
+------+--------+------+
|      |Cell    |Count |
+------+--------+------+
|1     |CARRY4  |    18|
|2     |LUT1    |    38|
|3     |LUT2    |    18|
|4     |LUT3    |   236|
|5     |LUT4    |    48|
|6     |LUT5    |    73|
|7     |LUT6    |   103|
|8     |SRL16E  |    18|
|9     |SRLC32E |    47|
|10    |FDRE    |   550|
|11    |FDSE    |    48|
+------+--------+------+
Finished Writing Synthesis Report : Time (s): cpu = 00:00:49 ; elapsed = 00:01:10 . Memory (MB): peak = 1547.602 ; gain = 440.125 ; free physical = 86 ; free virtual = 1108
synth_design: Time (s): cpu = 00:00:51 ; elapsed = 00:01:12 . Memory (MB): peak = 1547.609 ; gain = 452.719 ; free physical = 132 ; free virtual = 1159
