
*** Running vivado
    with args -log design_1_axi_gpio_0_0.vds -m64 -product Vivado -mode batch -messageDb vivado.pb -notrace -source design_1_axi_gpio_0_0.tcl


****** Vivado v2017.2 (64-bit)
  **** SW Build 1909853 on Thu Jun 15 18:39:10 MDT 2017
  **** IP Build 1909766 on Thu Jun 15 19:58:00 MDT 2017
    ** Copyright 1986-2017 Xilinx, Inc. All Rights Reserved.

source design_1_axi_gpio_0_0.tcl -notrace
Starting RTL Elaboration : Time (s): cpu = 00:00:04 ; elapsed = 00:00:06 . Memory (MB): peak = 1172.469 ; gain = 64.996 ; free physical = 71 ; free virtual = 1471
INFO: [Synth 8-638] synthesizing module 'design_1_axi_gpio_0_0' [/home/nicholas/ece522/lab0/gpio_bram/vivado/gpio_bram/gpio_bram.srcs/sources_1/bd/design_1/ip/design_1_axi_gpio_0_0/synth/design_1_axi_gpio_0_0.vhd:85]
INFO: [Synth 8-638] synthesizing module 'axi_gpio' [/home/nicholas/ece522/lab0/gpio_bram/vivado/gpio_bram/gpio_bram.srcs/sources_1/bd/design_1/ipshared/cb07/hdl/axi_gpio_v2_0_vh_rfs.vhd:1257]
INFO: [Synth 8-638] synthesizing module 'axi_lite_ipif' [/home/nicholas/ece522/lab0/gpio_bram/vivado/gpio_bram/gpio_bram.srcs/sources_1/bd/design_1/ipshared/0ba0/hdl/axi_lite_ipif_v3_0_vh_rfs.vhd:2948]
INFO: [Synth 8-638] synthesizing module 'slave_attachment' [/home/nicholas/ece522/lab0/gpio_bram/vivado/gpio_bram/gpio_bram.srcs/sources_1/bd/design_1/ipshared/0ba0/hdl/axi_lite_ipif_v3_0_vh_rfs.vhd:2341]
INFO: [Synth 8-638] synthesizing module 'address_decoder' [/home/nicholas/ece522/lab0/gpio_bram/vivado/gpio_bram/gpio_bram.srcs/sources_1/bd/design_1/ipshared/0ba0/hdl/axi_lite_ipif_v3_0_vh_rfs.vhd:1775]
INFO: [Synth 8-638] synthesizing module 'pselect_f' [/home/nicholas/ece522/lab0/gpio_bram/vivado/gpio_bram/gpio_bram.srcs/sources_1/bd/design_1/ipshared/0ba0/hdl/axi_lite_ipif_v3_0_vh_rfs.vhd:1534]
INFO: [Synth 8-256] done synthesizing module 'pselect_f' (1#1) [/home/nicholas/ece522/lab0/gpio_bram/vivado/gpio_bram/gpio_bram.srcs/sources_1/bd/design_1/ipshared/0ba0/hdl/axi_lite_ipif_v3_0_vh_rfs.vhd:1534]
INFO: [Synth 8-638] synthesizing module 'pselect_f__parameterized0' [/home/nicholas/ece522/lab0/gpio_bram/vivado/gpio_bram/gpio_bram.srcs/sources_1/bd/design_1/ipshared/0ba0/hdl/axi_lite_ipif_v3_0_vh_rfs.vhd:1534]
INFO: [Synth 8-256] done synthesizing module 'pselect_f__parameterized0' (1#1) [/home/nicholas/ece522/lab0/gpio_bram/vivado/gpio_bram/gpio_bram.srcs/sources_1/bd/design_1/ipshared/0ba0/hdl/axi_lite_ipif_v3_0_vh_rfs.vhd:1534]
INFO: [Synth 8-638] synthesizing module 'pselect_f__parameterized1' [/home/nicholas/ece522/lab0/gpio_bram/vivado/gpio_bram/gpio_bram.srcs/sources_1/bd/design_1/ipshared/0ba0/hdl/axi_lite_ipif_v3_0_vh_rfs.vhd:1534]
INFO: [Synth 8-256] done synthesizing module 'pselect_f__parameterized1' (1#1) [/home/nicholas/ece522/lab0/gpio_bram/vivado/gpio_bram/gpio_bram.srcs/sources_1/bd/design_1/ipshared/0ba0/hdl/axi_lite_ipif_v3_0_vh_rfs.vhd:1534]
INFO: [Synth 8-638] synthesizing module 'pselect_f__parameterized2' [/home/nicholas/ece522/lab0/gpio_bram/vivado/gpio_bram/gpio_bram.srcs/sources_1/bd/design_1/ipshared/0ba0/hdl/axi_lite_ipif_v3_0_vh_rfs.vhd:1534]
INFO: [Synth 8-256] done synthesizing module 'pselect_f__parameterized2' (1#1) [/home/nicholas/ece522/lab0/gpio_bram/vivado/gpio_bram/gpio_bram.srcs/sources_1/bd/design_1/ipshared/0ba0/hdl/axi_lite_ipif_v3_0_vh_rfs.vhd:1534]
INFO: [Synth 8-256] done synthesizing module 'address_decoder' (2#1) [/home/nicholas/ece522/lab0/gpio_bram/vivado/gpio_bram/gpio_bram.srcs/sources_1/bd/design_1/ipshared/0ba0/hdl/axi_lite_ipif_v3_0_vh_rfs.vhd:1775]
INFO: [Synth 8-256] done synthesizing module 'slave_attachment' (3#1) [/home/nicholas/ece522/lab0/gpio_bram/vivado/gpio_bram/gpio_bram.srcs/sources_1/bd/design_1/ipshared/0ba0/hdl/axi_lite_ipif_v3_0_vh_rfs.vhd:2341]
INFO: [Synth 8-256] done synthesizing module 'axi_lite_ipif' (4#1) [/home/nicholas/ece522/lab0/gpio_bram/vivado/gpio_bram/gpio_bram.srcs/sources_1/bd/design_1/ipshared/0ba0/hdl/axi_lite_ipif_v3_0_vh_rfs.vhd:2948]
INFO: [Synth 8-638] synthesizing module 'GPIO_Core' [/home/nicholas/ece522/lab0/gpio_bram/vivado/gpio_bram/gpio_bram.srcs/sources_1/bd/design_1/ipshared/cb07/hdl/axi_gpio_v2_0_vh_rfs.vhd:177]
INFO: [Synth 8-638] synthesizing module 'cdc_sync' [/home/nicholas/ece522/lab0/gpio_bram/vivado/gpio_bram/gpio_bram.srcs/sources_1/bd/design_1/ipshared/52cb/hdl/lib_cdc_v1_0_rfs.vhd:106]
INFO: [Synth 8-256] done synthesizing module 'cdc_sync' (5#1) [/home/nicholas/ece522/lab0/gpio_bram/vivado/gpio_bram/gpio_bram.srcs/sources_1/bd/design_1/ipshared/52cb/hdl/lib_cdc_v1_0_rfs.vhd:106]
INFO: [Synth 8-256] done synthesizing module 'GPIO_Core' (6#1) [/home/nicholas/ece522/lab0/gpio_bram/vivado/gpio_bram/gpio_bram.srcs/sources_1/bd/design_1/ipshared/cb07/hdl/axi_gpio_v2_0_vh_rfs.vhd:177]
INFO: [Synth 8-256] done synthesizing module 'axi_gpio' (7#1) [/home/nicholas/ece522/lab0/gpio_bram/vivado/gpio_bram/gpio_bram.srcs/sources_1/bd/design_1/ipshared/cb07/hdl/axi_gpio_v2_0_vh_rfs.vhd:1257]
INFO: [Synth 8-256] done synthesizing module 'design_1_axi_gpio_0_0' (8#1) [/home/nicholas/ece522/lab0/gpio_bram/vivado/gpio_bram/gpio_bram.srcs/sources_1/bd/design_1/ip/design_1_axi_gpio_0_0/synth/design_1_axi_gpio_0_0.vhd:85]
Finished RTL Elaboration : Time (s): cpu = 00:00:05 ; elapsed = 00:00:08 . Memory (MB): peak = 1214.969 ; gain = 107.496 ; free physical = 114 ; free virtual = 1489
Finished RTL Optimization Phase 1 : Time (s): cpu = 00:00:05 ; elapsed = 00:00:08 . Memory (MB): peak = 1214.969 ; gain = 107.496 ; free physical = 114 ; free virtual = 1490
INFO: [Device 21-403] Loading part xc7z010clg400-1
Constraint Validation Runtime : Time (s): cpu = 00:00:00.04 ; elapsed = 00:00:00.08 . Memory (MB): peak = 1507.582 ; gain = 0.000 ; free physical = 81 ; free virtual = 1253
Finished Constraint Validation : Time (s): cpu = 00:00:15 ; elapsed = 00:00:23 . Memory (MB): peak = 1507.582 ; gain = 400.109 ; free physical = 154 ; free virtual = 1333
Finished Loading Part and Timing Information : Time (s): cpu = 00:00:15 ; elapsed = 00:00:24 . Memory (MB): peak = 1507.582 ; gain = 400.109 ; free physical = 154 ; free virtual = 1334
Finished applying 'set_property' XDC Constraints : Time (s): cpu = 00:00:15 ; elapsed = 00:00:24 . Memory (MB): peak = 1507.582 ; gain = 400.109 ; free physical = 154 ; free virtual = 1335
Finished RTL Optimization Phase 2 : Time (s): cpu = 00:00:16 ; elapsed = 00:00:24 . Memory (MB): peak = 1507.582 ; gain = 400.109 ; free physical = 144 ; free virtual = 1327
Finished Cross Boundary and Area Optimization : Time (s): cpu = 00:00:17 ; elapsed = 00:00:25 . Memory (MB): peak = 1507.582 ; gain = 400.109 ; free physical = 124 ; free virtual = 1315
Finished Applying XDC Timing Constraints : Time (s): cpu = 00:00:24 ; elapsed = 00:00:37 . Memory (MB): peak = 1507.582 ; gain = 400.109 ; free physical = 62 ; free virtual = 1182
Finished Timing Optimization : Time (s): cpu = 00:00:24 ; elapsed = 00:00:38 . Memory (MB): peak = 1507.582 ; gain = 400.109 ; free physical = 106 ; free virtual = 1178
Finished Technology Mapping : Time (s): cpu = 00:00:25 ; elapsed = 00:00:38 . Memory (MB): peak = 1507.582 ; gain = 400.109 ; free physical = 104 ; free virtual = 1177
Finished IO Insertion : Time (s): cpu = 00:00:25 ; elapsed = 00:00:39 . Memory (MB): peak = 1507.582 ; gain = 400.109 ; free physical = 106 ; free virtual = 1179
Finished Renaming Generated Instances : Time (s): cpu = 00:00:25 ; elapsed = 00:00:39 . Memory (MB): peak = 1507.582 ; gain = 400.109 ; free physical = 106 ; free virtual = 1179
Finished Rebuilding User Hierarchy : Time (s): cpu = 00:00:25 ; elapsed = 00:00:39 . Memory (MB): peak = 1507.582 ; gain = 400.109 ; free physical = 106 ; free virtual = 1179
Finished Renaming Generated Ports : Time (s): cpu = 00:00:25 ; elapsed = 00:00:39 . Memory (MB): peak = 1507.582 ; gain = 400.109 ; free physical = 106 ; free virtual = 1179
Finished Handling Custom Attributes : Time (s): cpu = 00:00:25 ; elapsed = 00:00:39 . Memory (MB): peak = 1507.582 ; gain = 400.109 ; free physical = 106 ; free virtual = 1179
Finished Renaming Generated Nets : Time (s): cpu = 00:00:25 ; elapsed = 00:00:39 . Memory (MB): peak = 1507.582 ; gain = 400.109 ; free physical = 106 ; free virtual = 1179

Report Cell Usage: 
+------+-----+------+
|      |Cell |Count |
+------+-----+------+
|1     |LUT1 |     2|
|2     |LUT2 |     6|
|3     |LUT3 |     3|
|4     |LUT4 |     3|
|5     |LUT5 |     9|
|6     |LUT6 |    73|
|7     |FDR  |   128|
|8     |FDRE |   245|
|9     |FDSE |    64|
+------+-----+------+
Finished Writing Synthesis Report : Time (s): cpu = 00:00:25 ; elapsed = 00:00:39 . Memory (MB): peak = 1507.582 ; gain = 400.109 ; free physical = 106 ; free virtual = 1179
synth_design: Time (s): cpu = 00:00:26 ; elapsed = 00:00:41 . Memory (MB): peak = 1507.590 ; gain = 412.703 ; free physical = 115 ; free virtual = 1205
