
*** Running vivado
    with args -log design_1_blk_mem_gen_0_0.vds -m64 -product Vivado -mode batch -messageDb vivado.pb -notrace -source design_1_blk_mem_gen_0_0.tcl


****** Vivado v2017.2 (64-bit)
  **** SW Build 1909853 on Thu Jun 15 18:39:10 MDT 2017
  **** IP Build 1909766 on Thu Jun 15 19:58:00 MDT 2017
    ** Copyright 1986-2017 Xilinx, Inc. All Rights Reserved.

source design_1_blk_mem_gen_0_0.tcl -notrace
Starting RTL Elaboration : Time (s): cpu = 00:00:05 ; elapsed = 00:00:07 . Memory (MB): peak = 1165.473 ; gain = 57.996 ; free physical = 76 ; free virtual = 1478
INFO: [Synth 8-638] synthesizing module 'design_1_blk_mem_gen_0_0' [/home/nicholas/ece522/lab0/gpio_bram/vivado/gpio_bram/gpio_bram.srcs/sources_1/bd/design_1/ip/design_1_blk_mem_gen_0_0/synth/design_1_blk_mem_gen_0_0.vhd:69]
INFO: [Synth 8-256] done synthesizing module 'design_1_blk_mem_gen_0_0' (11#1) [/home/nicholas/ece522/lab0/gpio_bram/vivado/gpio_bram/gpio_bram.srcs/sources_1/bd/design_1/ip/design_1_blk_mem_gen_0_0/synth/design_1_blk_mem_gen_0_0.vhd:69]
Finished RTL Elaboration : Time (s): cpu = 00:00:51 ; elapsed = 00:01:10 . Memory (MB): peak = 1365.871 ; gain = 258.395 ; free physical = 260 ; free virtual = 1468
Finished RTL Optimization Phase 1 : Time (s): cpu = 00:00:51 ; elapsed = 00:01:11 . Memory (MB): peak = 1365.871 ; gain = 258.395 ; free physical = 264 ; free virtual = 1473
INFO: [Device 21-403] Loading part xc7z010clg400-1
Constraint Validation Runtime : Time (s): cpu = 00:00:00.03 ; elapsed = 00:00:00.06 . Memory (MB): peak = 1446.875 ; gain = 0.000 ; free physical = 69 ; free virtual = 1248
Finished Constraint Validation : Time (s): cpu = 00:01:01 ; elapsed = 00:01:27 . Memory (MB): peak = 1446.875 ; gain = 339.398 ; free physical = 86 ; free virtual = 1315
Finished Loading Part and Timing Information : Time (s): cpu = 00:01:01 ; elapsed = 00:01:27 . Memory (MB): peak = 1446.875 ; gain = 339.398 ; free physical = 86 ; free virtual = 1315
Finished applying 'set_property' XDC Constraints : Time (s): cpu = 00:01:01 ; elapsed = 00:01:27 . Memory (MB): peak = 1446.875 ; gain = 339.398 ; free physical = 86 ; free virtual = 1316
Finished RTL Optimization Phase 2 : Time (s): cpu = 00:01:01 ; elapsed = 00:01:28 . Memory (MB): peak = 1446.875 ; gain = 339.398 ; free physical = 77 ; free virtual = 1309
Finished Cross Boundary and Area Optimization : Time (s): cpu = 00:01:02 ; elapsed = 00:01:28 . Memory (MB): peak = 1446.875 ; gain = 339.398 ; free physical = 79 ; free virtual = 1294
Finished Applying XDC Timing Constraints : Time (s): cpu = 00:01:09 ; elapsed = 00:01:38 . Memory (MB): peak = 1474.875 ; gain = 367.398 ; free physical = 70 ; free virtual = 1164
Finished Timing Optimization : Time (s): cpu = 00:01:09 ; elapsed = 00:01:38 . Memory (MB): peak = 1474.875 ; gain = 367.398 ; free physical = 70 ; free virtual = 1164
Finished Technology Mapping : Time (s): cpu = 00:01:09 ; elapsed = 00:01:38 . Memory (MB): peak = 1484.891 ; gain = 377.414 ; free physical = 87 ; free virtual = 1164
Finished IO Insertion : Time (s): cpu = 00:01:09 ; elapsed = 00:01:39 . Memory (MB): peak = 1484.891 ; gain = 377.414 ; free physical = 87 ; free virtual = 1164
Finished Renaming Generated Instances : Time (s): cpu = 00:01:09 ; elapsed = 00:01:39 . Memory (MB): peak = 1484.891 ; gain = 377.414 ; free physical = 87 ; free virtual = 1164
Finished Rebuilding User Hierarchy : Time (s): cpu = 00:01:09 ; elapsed = 00:01:39 . Memory (MB): peak = 1484.891 ; gain = 377.414 ; free physical = 87 ; free virtual = 1164
Finished Renaming Generated Ports : Time (s): cpu = 00:01:09 ; elapsed = 00:01:39 . Memory (MB): peak = 1484.891 ; gain = 377.414 ; free physical = 87 ; free virtual = 1164
Finished Handling Custom Attributes : Time (s): cpu = 00:01:09 ; elapsed = 00:01:39 . Memory (MB): peak = 1484.891 ; gain = 377.414 ; free physical = 87 ; free virtual = 1164
Finished Renaming Generated Nets : Time (s): cpu = 00:01:09 ; elapsed = 00:01:39 . Memory (MB): peak = 1484.891 ; gain = 377.414 ; free physical = 87 ; free virtual = 1164

Report Cell Usage: 
+------+---------+------+
|      |Cell     |Count |
+------+---------+------+
|1     |LUT1     |     1|
|2     |LUT3     |    16|
|3     |RAMB36E1 |     4|
|4     |FDRE     |     1|
+------+---------+------+
Finished Writing Synthesis Report : Time (s): cpu = 00:01:09 ; elapsed = 00:01:39 . Memory (MB): peak = 1484.891 ; gain = 377.414 ; free physical = 87 ; free virtual = 1164
synth_design: Time (s): cpu = 00:01:10 ; elapsed = 00:01:41 . Memory (MB): peak = 1489.891 ; gain = 395.000 ; free physical = 114 ; free virtual = 1196
