15:47:13 INFO  : Registering command handlers for SDK TCF services
15:47:23 INFO  : Launching XSCT server: xsct -n -interactive /home/nicholas/ece522/lab0/gpio_bram/vivado/gpio_bram/gpio_bram.sdk/temp_xsdb_launch_script.tcl
15:47:27 INFO  : XSCT server has started successfully.
15:47:31 INFO  : Successfully done setting XSCT server connection channel  
15:47:31 INFO  : Successfully done setting SDK workspace  
15:47:31 INFO  : Processing command line option -hwspec /home/nicholas/ece522/lab0/gpio_bram/vivado/gpio_bram/gpio_bram.sdk/design_1_wrapper.hdf.
19:44:27 INFO  : Launching XSCT server: xsct -n -interactive /home/nicholas/ece522/lab0/histo/vivado/histo/histo.sdk/temp_xsdb_launch_script.tcl
19:44:29 INFO  : XSCT server has started successfully.
19:44:29 INFO  : Successfully done setting XSCT server connection channel  
19:44:30 INFO  : Successfully done setting SDK workspace  
19:44:35 INFO  : Registering command handlers for SDK TCF services
19:44:40 INFO  : Processing command line option -hwspec /home/nicholas/ece522/lab0/histo/vivado/histo/histo.sdk/design_1_wrapper.hdf.
19:45:34 INFO  : Registering command handlers for SDK TCF services
19:45:35 INFO  : Launching XSCT server: xsct -n -interactive /home/nicholas/ece522/lab0/histo/vivado/histo/histo.sdk/temp_xsdb_launch_script.tcl
19:45:38 INFO  : XSCT server has started successfully.
19:45:39 INFO  : Successfully done setting XSCT server connection channel  
19:45:39 INFO  : Successfully done setting SDK workspace  
19:45:39 INFO  : Processing command line option -hwspec /home/nicholas/ece522/lab0/histo/vivado/histo/histo.sdk/design_1_wrapper.hdf.
19:47:33 INFO  : Launching XSCT server: xsct -n -interactive /home/nicholas/ece522/lab0/histo/vivado/histo/histo.sdk/temp_xsdb_launch_script.tcl
19:47:34 INFO  : XSCT server has started successfully.
19:47:35 INFO  : Successfully done setting XSCT server connection channel  
19:47:35 INFO  : Successfully done setting SDK workspace  
19:47:39 INFO  : Registering command handlers for SDK TCF services
19:47:42 INFO  : Processing command line option -hwspec /home/nicholas/ece522/lab0/histo/vivado/histo/histo.sdk/design_1_wrapper.hdf.
19:47:42 INFO  : Checking for hwspec changes in the project design_1_wrapper_hw_platform_0.
20:00:25 ERROR : (XSDB Server)Hangup

14:08:04 INFO  : Launching XSCT server: xsct -n -interactive /home/nicholas/ece522/lab0/histo/vivado/histo/histo.sdk/temp_xsdb_launch_script.tcl
14:08:06 INFO  : XSCT server has started successfully.
14:08:08 INFO  : Successfully done setting XSCT server connection channel  
14:08:08 INFO  : Successfully done setting SDK workspace  
14:08:13 INFO  : Registering command handlers for SDK TCF services
14:08:20 INFO  : Processing command line option -hwspec /home/nicholas/ece522/lab0/histo/vivado/histo/histo.sdk/design_1_wrapper.hdf.
14:08:20 INFO  : Checking for hwspec changes in the project design_1_wrapper_hw_platform_0.
14:08:20 INFO  : SDK has detected change in the last modified timestamps for source hardware specification file Source:1539446438000,  Project:1537753179000
14:08:20 INFO  : The hardware specification for project 'design_1_wrapper_hw_platform_0' is different from /home/nicholas/ece522/lab0/histo/vivado/histo/histo.sdk/design_1_wrapper.hdf.
14:08:21 INFO  : Copied contents of /home/nicholas/ece522/lab0/histo/vivado/histo/histo.sdk/design_1_wrapper.hdf into /design_1_wrapper_hw_platform_0/system.hdf.
14:08:27 INFO  : Synchronizing projects in the workspace with the hardware platform specification changes.
14:08:30 INFO  : Clearing existing target manager status.
14:08:35 INFO  : Workspace synchronized with the new hardware specification file. Cleaning dependent projects...
14:08:35 WARN  : Linker script will not be updated automatically. Users need to update it manually.
14:09:25 ERROR : Unexpected error while parsing XMD response ￿: com.google.gson.JsonSyntaxException: com.google.gson.stream.MalformedJsonException: invalid number or unquoted string near 
14:12:48 INFO  : Registering command handlers for SDK TCF services
14:12:49 INFO  : Launching XSCT server: xsct -n -interactive /home/nicholas/ece522/lab0/histo/vivado/histo/histo.sdk/temp_xsdb_launch_script.tcl
14:12:52 INFO  : XSCT server has started successfully.
14:12:53 INFO  : Successfully done setting XSCT server connection channel  
14:12:53 INFO  : Successfully done setting SDK workspace  
14:12:53 INFO  : Processing command line option -hwspec /home/nicholas/ece522/lab0/histo/vivado/histo/histo.sdk/design_1_wrapper.hdf.
15:04:00 INFO  : Registering command handlers for SDK TCF services
15:04:01 INFO  : Launching XSCT server: xsct -n -interactive /home/nicholas/ece522/lab0/histo/vivado/histo/histo.sdk/temp_xsdb_launch_script.tcl
15:04:04 INFO  : XSCT server has started successfully.
15:04:09 INFO  : Successfully done setting XSCT server connection channel  
15:04:09 INFO  : Successfully done setting SDK workspace  
15:04:09 INFO  : Processing command line option -hwspec /home/nicholas/ece522/lab0/histo/vivado/histo/histo.sdk/design_1_wrapper.hdf.
