#-----------------------------------------------------------
# Vivado v2017.2 (64-bit)
# SW Build 1909853 on Thu Jun 15 18:39:10 MDT 2017
# IP Build 1909766 on Thu Jun 15 19:58:00 MDT 2017
# Start of session at: Sat Oct 13 09:38:57 2018
# Process ID: 1709
# Current directory: /home/nicholas/ece522/lab0/histo/vivado
# Command line: vivado
# Log file: /home/nicholas/ece522/lab0/histo/vivado/vivado.log
# Journal file: /home/nicholas/ece522/lab0/histo/vivado/vivado.jou
#-----------------------------------------------------------
start_gui
open_project /home/nicholas/ece522/lab0/histo/vivado/histo/histo.xpr
Scanning sources...
Finished scanning sources
INFO: [IP_Flow 19-234] Refreshing IP repositories
INFO: [IP_Flow 19-1704] No user IP repositories specified
INFO: [IP_Flow 19-2313] Loaded Vivado IP repository '/opt/Xilinx/Vivado/2017.2/data/ip'.
open_project: Time (s): cpu = 00:00:08 ; elapsed = 00:00:09 . Memory (MB): peak = 5834.457 ; gain = 48.203 ; free physical = 67 ; free virtual = 2846
update_compile_order -fileset sources_1
reset_run synth_1
launch_runs synth_1
[Sat Oct 13 09:40:17 2018] Launched synth_1...
Run output will be captured here: /home/nicholas/ece522/lab0/histo/vivado/histo/histo.runs/synth_1/runme.log
reset_run synth_1
launch_runs synth_1
[Sat Oct 13 09:42:37 2018] Launched synth_1...
Run output will be captured here: /home/nicholas/ece522/lab0/histo/vivado/histo/histo.runs/synth_1/runme.log
reset_run synth_1
launch_runs synth_1
[Sat Oct 13 09:43:41 2018] Launched synth_1...
Run output will be captured here: /home/nicholas/ece522/lab0/histo/vivado/histo/histo.runs/synth_1/runme.log
reset_run synth_1
launch_runs synth_1
[Sat Oct 13 09:47:19 2018] Launched synth_1...
Run output will be captured here: /home/nicholas/ece522/lab0/histo/vivado/histo/histo.runs/synth_1/runme.log
reset_run synth_1
launch_runs synth_1
[Sat Oct 13 09:50:29 2018] Launched synth_1...
Run output will be captured here: /home/nicholas/ece522/lab0/histo/vivado/histo/histo.runs/synth_1/runme.log
reset_run synth_1
launch_runs synth_1
[Sat Oct 13 09:55:24 2018] Launched synth_1...
Run output will be captured here: /home/nicholas/ece522/lab0/histo/vivado/histo/histo.runs/synth_1/runme.log
reset_run synth_1
launch_runs synth_1
[Sat Oct 13 09:57:41 2018] Launched synth_1...
Run output will be captured here: /home/nicholas/ece522/lab0/histo/vivado/histo/histo.runs/synth_1/runme.log
launch_runs impl_1 -to_step write_bitstream
[Sat Oct 13 09:58:54 2018] Launched impl_1...
Run output will be captured here: /home/nicholas/ece522/lab0/histo/vivado/histo/histo.runs/impl_1/runme.log
exit
INFO: [Common 17-206] Exiting Vivado at Sat Oct 13 10:01:04 2018...
