#-----------------------------------------------------------
# Vivado v2017.2 (64-bit)
# SW Build 1909853 on Thu Jun 15 18:39:10 MDT 2017
# IP Build 1909766 on Thu Jun 15 19:58:00 MDT 2017
# Start of session at: Sat Oct 13 13:59:44 2018
# Process ID: 3169
# Current directory: /home/nicholas/ece522/lab0/histo/vivado
# Command line: vivado
# Log file: /home/nicholas/ece522/lab0/histo/vivado/vivado.log
# Journal file: /home/nicholas/ece522/lab0/histo/vivado/vivado.jou
#-----------------------------------------------------------
start_gui
open_project /home/nicholas/ece522/lab0/histo/vivado/histo/histo.xpr
Scanning sources...
Finished scanning sources
INFO: [IP_Flow 19-234] Refreshing IP repositories
INFO: [IP_Flow 19-1704] No user IP repositories specified
INFO: [IP_Flow 19-2313] Loaded Vivado IP repository '/opt/Xilinx/Vivado/2017.2/data/ip'.
open_project: Time (s): cpu = 00:00:10 ; elapsed = 00:00:13 . Memory (MB): peak = 5848.539 ; gain = 68.203 ; free physical = 523 ; free virtual = 2813
update_compile_order -fileset sources_1
open_hw
connect_hw_server
INFO: [Labtools 27-2285] Connecting to hw_server url TCP:localhost:3121
INFO: [Labtools 27-2222] Launching hw_server...
INFO: [Labtools 27-2221] Launch Output:

****** Xilinx hw_server v2017.2
  **** Build date : Jun 15 2017-18:45:18
    ** Copyright 1986-2017 Xilinx, Inc. All Rights Reserved.


open_hw_target
INFO: [Labtoolstcl 44-466] Opening hw_target localhost:3121/xilinx_tcf/Digilent/210351A81B42A
set_property PROGRAM.FILE {/home/nicholas/ece522/lab0/histo/vivado/histo/histo.runs/impl_1/design_1_wrapper.bit} [get_hw_devices xc7z010_1]
current_hw_device [get_hw_devices xc7z010_1]
refresh_hw_device -update_hw_probes false [lindex [get_hw_devices xc7z010_1] 0]
INFO: [Labtools 27-1434] Device xc7z010 (JTAG device index = 1) is programmed with a design that has no supported debug core(s) in it.
WARNING: [Labtools 27-3361] The debug hub core was not detected.
Resolution: 
1. Make sure the clock connected to the debug hub (dbg_hub) core is a free running clock and is active.
2. Make sure the BSCAN_SWITCH_USER_MASK device property in Vivado Hardware Manager reflects the user scan chain setting in the design and refresh the device.  To determine the user scan chain setting in the design, open the implemented design and use 'get_property C_USER_SCAN_CHAIN [get_debug_cores dbg_hub]'.
For more details on setting the scan chain property, consult the Vivado Debug and Programming User Guide (UG908).
set_property PROBES.FILE {} [get_hw_devices xc7z010_1]
set_property FULL_PROBES.FILE {} [get_hw_devices xc7z010_1]
set_property PROGRAM.FILE {/home/nicholas/ece522/lab0/histo/vivado/histo/histo.runs/impl_1/design_1_wrapper.bit} [get_hw_devices xc7z010_1]
program_hw_devices [get_hw_devices xc7z010_1]
INFO: [Labtools 27-3164] End of startup status: HIGH
refresh_hw_device [lindex [get_hw_devices xc7z010_1] 0]
INFO: [Labtools 27-1434] Device xc7z010 (JTAG device index = 1) is programmed with a design that has no supported debug core(s) in it.
WARNING: [Labtools 27-3361] The debug hub core was not detected.
Resolution: 
1. Make sure the clock connected to the debug hub (dbg_hub) core is a free running clock and is active.
2. Make sure the BSCAN_SWITCH_USER_MASK device property in Vivado Hardware Manager reflects the user scan chain setting in the design and refresh the device.  To determine the user scan chain setting in the design, open the implemented design and use 'get_property C_USER_SCAN_CHAIN [get_debug_cores dbg_hub]'.
For more details on setting the scan chain property, consult the Vivado Debug and Programming User Guide (UG908).
file copy -force /home/nicholas/ece522/lab0/histo/vivado/histo/histo.runs/impl_1/design_1_wrapper.sysdef /home/nicholas/ece522/lab0/histo/vivado/histo/histo.sdk/design_1_wrapper.hdf

launch_sdk -workspace /home/nicholas/ece522/lab0/histo/vivado/histo/histo.sdk -hwspec /home/nicholas/ece522/lab0/histo/vivado/histo/histo.sdk/design_1_wrapper.hdf
INFO: [Vivado 12-393] Launching SDK...
INFO: [Vivado 12-417] Running xsdk -workspace /home/nicholas/ece522/lab0/histo/vivado/histo/histo.sdk -hwspec /home/nicholas/ece522/lab0/histo/vivado/histo/histo.sdk/design_1_wrapper.hdf
INFO: [Vivado 12-3157] SDK launch initiated. Please check console for any further messages.
launch_sdk -workspace /home/nicholas/ece522/lab0/histo/vivado/histo/histo.sdk -hwspec /home/nicholas/ece522/lab0/histo/vivado/histo/histo.sdk/design_1_wrapper.hdf
INFO: [Vivado 12-393] Launching SDK...
INFO: [Vivado 12-417] Running xsdk -workspace /home/nicholas/ece522/lab0/histo/vivado/histo/histo.sdk -hwspec /home/nicholas/ece522/lab0/histo/vivado/histo/histo.sdk/design_1_wrapper.hdf
INFO: [Vivado 12-3157] SDK launch initiated. Please check console for any further messages.
file copy -force /home/nicholas/ece522/lab0/histo/vivado/histo/histo.runs/impl_1/design_1_wrapper.sysdef /home/nicholas/ece522/lab0/histo/vivado/histo/histo.sdk/design_1_wrapper.hdf

launch_sdk -workspace /home/nicholas/ece522/lab0/histo/vivado/histo/histo.sdk -hwspec /home/nicholas/ece522/lab0/histo/vivado/histo/histo.sdk/design_1_wrapper.hdf
INFO: [Vivado 12-393] Launching SDK...
INFO: [Vivado 12-417] Running xsdk -workspace /home/nicholas/ece522/lab0/histo/vivado/histo/histo.sdk -hwspec /home/nicholas/ece522/lab0/histo/vivado/histo/histo.sdk/design_1_wrapper.hdf
INFO: [Vivado 12-3157] SDK launch initiated. Please check console for any further messages.
ERROR: [Labtoolstcl 44-513] HW Target shutdown. Closing target: localhost:3121/xilinx_tcf/Digilent/210351A81B42A
disconnect_hw_server localhost:3121
connect_hw_server
INFO: [Labtools 27-2285] Connecting to hw_server url TCP:localhost:3121
open_hw_target
INFO: [Labtoolstcl 44-466] Opening hw_target localhost:3121/xilinx_tcf/Digilent/210351A81B42A
ERROR: [Labtools 27-2269] No devices detected on target localhost:3121/xilinx_tcf/Digilent/210351A81B42A.
Check cable connectivity and that the target board is powered up then
use the disconnect_hw_server and connect_hw_server to re-register this hardware target.
ERROR: [Common 17-39] 'open_hw_target' failed due to earlier errors.
ERROR: [Labtoolstcl 44-513] HW Target shutdown. Closing target: localhost:3121/xilinx_tcf/Digilent/210351A81B42A
INFO: [Labtoolstcl 44-466] Opening hw_target localhost:3121/xilinx_tcf/Digilent/210351A81B42A
WARNING: [Labtoolstcl 44-129] No matching hw_ila_data was found.
INFO: [Labtools 27-1434] Device xc7z010 (JTAG device index = 1) is programmed with a design that has no supported debug core(s) in it.
WARNING: [Labtools 27-3361] The debug hub core was not detected.
Resolution: 
1. Make sure the clock connected to the debug hub (dbg_hub) core is a free running clock and is active.
2. Make sure the BSCAN_SWITCH_USER_MASK device property in Vivado Hardware Manager reflects the user scan chain setting in the design and refresh the device.  To determine the user scan chain setting in the design, open the implemented design and use 'get_property C_USER_SCAN_CHAIN [get_debug_cores dbg_hub]'.
For more details on setting the scan chain property, consult the Vivado Debug and Programming User Guide (UG908).
WARNING: [Labtoolstcl 44-129] No matching hw_ila_data was found.
reset_run synth_1
launch_runs impl_1 -to_step write_bitstream
[Sat Oct 13 14:53:46 2018] Launched synth_1...
Run output will be captured here: /home/nicholas/ece522/lab0/histo/vivado/histo/histo.runs/synth_1/runme.log
[Sat Oct 13 14:53:46 2018] Launched impl_1...
Run output will be captured here: /home/nicholas/ece522/lab0/histo/vivado/histo/histo.runs/impl_1/runme.log
set_property PROBES.FILE {} [get_hw_devices xc7z010_1]
set_property FULL_PROBES.FILE {} [get_hw_devices xc7z010_1]
set_property PROGRAM.FILE {/home/nicholas/ece522/lab0/histo/vivado/histo/histo.runs/impl_1/design_1_wrapper.bit} [get_hw_devices xc7z010_1]
program_hw_devices [get_hw_devices xc7z010_1]
INFO: [Labtools 27-3164] End of startup status: HIGH
refresh_hw_device [lindex [get_hw_devices xc7z010_1] 0]
INFO: [Labtools 27-1434] Device xc7z010 (JTAG device index = 1) is programmed with a design that has no supported debug core(s) in it.
WARNING: [Labtools 27-3361] The debug hub core was not detected.
Resolution: 
1. Make sure the clock connected to the debug hub (dbg_hub) core is a free running clock and is active.
2. Make sure the BSCAN_SWITCH_USER_MASK device property in Vivado Hardware Manager reflects the user scan chain setting in the design and refresh the device.  To determine the user scan chain setting in the design, open the implemented design and use 'get_property C_USER_SCAN_CHAIN [get_debug_cores dbg_hub]'.
For more details on setting the scan chain property, consult the Vivado Debug and Programming User Guide (UG908).
file copy -force /home/nicholas/ece522/lab0/histo/vivado/histo/histo.runs/impl_1/design_1_wrapper.sysdef /home/nicholas/ece522/lab0/histo/vivado/histo/histo.sdk/design_1_wrapper.hdf

launch_sdk -workspace /home/nicholas/ece522/lab0/histo/vivado/histo/histo.sdk -hwspec /home/nicholas/ece522/lab0/histo/vivado/histo/histo.sdk/design_1_wrapper.hdf
INFO: [Vivado 12-393] Launching SDK...
INFO: [Vivado 12-417] Running xsdk -workspace /home/nicholas/ece522/lab0/histo/vivado/histo/histo.sdk -hwspec /home/nicholas/ece522/lab0/histo/vivado/histo/histo.sdk/design_1_wrapper.hdf
INFO: [Vivado 12-3157] SDK launch initiated. Please check console for any further messages.
ERROR: [Labtoolstcl 44-513] HW Target shutdown. Closing target: localhost:3121/xilinx_tcf/Digilent/210351A81B42A
INFO: [Labtoolstcl 44-466] Opening hw_target localhost:3121/xilinx_tcf/Digilent/210351A81B42A
WARNING: [Labtoolstcl 44-129] No matching hw_ila_data was found.
INFO: [Labtools 27-1434] Device xc7z010 (JTAG device index = 1) is programmed with a design that has no supported debug core(s) in it.
WARNING: [Labtools 27-3361] The debug hub core was not detected.
Resolution: 
1. Make sure the clock connected to the debug hub (dbg_hub) core is a free running clock and is active.
2. Make sure the BSCAN_SWITCH_USER_MASK device property in Vivado Hardware Manager reflects the user scan chain setting in the design and refresh the device.  To determine the user scan chain setting in the design, open the implemented design and use 'get_property C_USER_SCAN_CHAIN [get_debug_cores dbg_hub]'.
For more details on setting the scan chain property, consult the Vivado Debug and Programming User Guide (UG908).
WARNING: [Labtoolstcl 44-129] No matching hw_ila_data was found.
exit
INFO: [Common 17-206] Exiting Vivado at Sat Oct 13 15:48:11 2018...
